<?xml version="1.0" encoding="UTF-8"?>
<!-- Generated by org.testng.reporters.JUnitReportReporter -->
<testsuite skipped="0" hostname="DESKTOP-NDH55H9" name="com.Testng_Attributes.GroupsOFGroups" tests="6" failures="0" timestamp="2022-10-06T22:19:36 IST" time="0.376" errors="0">
  <testcase name="Marvel" time="0.018" classname="com.Testng_Attributes.GroupsOFGroups"/>
  <system-out/>
  <testcase name="Spain" time="0.016" classname="com.Testng_Attributes.GroupsOFGroups"/>
  <system-out/>
  <testcase name="Australia" time="0.277" classname="com.Testng_Attributes.GroupsOFGroups"/>
  <system-out/>
  <testcase name="Avengers" time="0.012" classname="com.Testng_Attributes.GroupsOFGroups"/>
  <system-out/>
  <testcase name="SpiderMan" time="0.032" classname="com.Testng_Attributes.GroupsOFGroups"/>
  <system-out/>
  <testcase name="London" time="0.021" classname="com.Testng_Attributes.GroupsOFGroups"/>
  <system-out/>
</testsuite> <!-- com.Testng_Attributes.GroupsOFGroups -->
