<?xml version="1.0" encoding="UTF-8"?>
<!-- Generated by org.testng.reporters.JUnitReportReporter -->
<testsuite skipped="0" hostname="DESKTOP-NDH55H9" name="com.Testng_Demo.TestNG_Test" tests="3" failures="0" timestamp="2022-09-30T19:43:11 IST" time="0.233" errors="0">
  <testcase name="Toys" time="0.016" classname="com.Testng_Demo.TestNG_Test"/>
  <system-out/>
  <testcase name="Tshirts" time="0.017" classname="com.Testng_Demo.TestNG_Test"/>
  <system-out/>
  <testcase name="Mobiles" time="0.200" classname="com.Testng_Demo.TestNG_Test"/>
  <system-out/>
</testsuite> <!-- com.Testng_Demo.TestNG_Test -->
