<?xml version="1.0" encoding="UTF-8"?>
<!-- Generated by org.testng.reporters.JUnitReportReporter -->
<testsuite skipped="0" hostname="DESKTOP-NDH55H9" name="com.Testng_Attributes.Grouping_Demo" tests="3" failures="0" timestamp="2022-10-06T22:18:54 IST" time="0.199" errors="0">
  <testcase name="London" time="0.011" classname="com.Testng_Attributes.Grouping_Demo"/>
  <system-out/>
  <testcase name="Spain" time="0.009" classname="com.Testng_Attributes.Grouping_Demo"/>
  <system-out/>
  <testcase name="Australia" time="0.179" classname="com.Testng_Attributes.Grouping_Demo"/>
  <system-out/>
</testsuite> <!-- com.Testng_Attributes.Grouping_Demo -->
