<?xml version="1.0" encoding="UTF-8"?>
<!-- Generated by org.testng.reporters.JUnitReportReporter -->
<testsuite skipped="0" hostname="DESKTOP-NDH55H9" name="com.Testng_Attributes.Data_Giver" tests="4" failures="0" timestamp="2022-10-06T22:08:16 IST" time="0.281" errors="0">
  <testcase name="Datas" time="0.010" classname="com.Testng_Attributes.Data_Giver"/>
  <system-out/>
  <testcase name="Datas" time="0.020" classname="com.Testng_Attributes.Data_Giver"/>
  <system-out/>
  <testcase name="Datas" time="0.012" classname="com.Testng_Attributes.Data_Giver"/>
  <system-out/>
  <testcase name="Datas" time="0.239" classname="com.Testng_Attributes.Data_Giver"/>
  <system-out/>
</testsuite> <!-- com.Testng_Attributes.Data_Giver -->
