<?xml version="1.0" encoding="UTF-8"?>
<!-- Generated by org.testng.reporters.JUnitReportReporter -->
<testsuite skipped="0" hostname="DESKTOP-NDH55H9" name="com.Testng_Attributes.SingleDataProvider_demo" tests="1" failures="0" timestamp="2022-09-28T18:56:44 IST" time="0.026" errors="0">
  <testcase name="FaceBookLogin" time="0.026" classname="com.Testng_Attributes.SingleDataProvider_demo"/>
  <system-out/>
</testsuite> <!-- com.Testng_Attributes.SingleDataProvider_demo -->
