<?xml version="1.0" encoding="UTF-8"?>
<!-- Generated by org.testng.reporters.JUnitReportReporter -->
<testsuite skipped="0" hostname="DESKTOP-NDH55H9" name="com.TestNgData_Provider.MultipleData_Demo" tests="4" failures="0" timestamp="2022-10-06T22:10:14 IST" time="0.282" errors="0">
  <testcase name="readingData" time="0.013" classname="com.TestNgData_Provider.MultipleData_Demo"/>
  <system-out/>
  <testcase name="readingData" time="0.244" classname="com.TestNgData_Provider.MultipleData_Demo"/>
  <system-out/>
  <testcase name="readingData" time="0.015" classname="com.TestNgData_Provider.MultipleData_Demo"/>
  <system-out/>
  <testcase name="readingData" time="0.010" classname="com.TestNgData_Provider.MultipleData_Demo"/>
  <system-out/>
</testsuite> <!-- com.TestNgData_Provider.MultipleData_Demo -->
