<?xml version="1.0" encoding="UTF-8"?>
<!-- Generated by org.testng.reporters.JUnitReportReporter -->
<testsuite skipped="0" hostname="DESKTOP-NDH55H9" name="com.Testng_Attributes.GroupsOFGroups" tests="6" failures="0" timestamp="2022-09-27T19:38:14 IST" time="0.046" errors="0">
  <testcase name="SpiderMan" time="0.000" classname="com.Testng_Attributes.GroupsOFGroups"/>
  <system-out/>
  <testcase name="Australia" time="0.031" classname="com.Testng_Attributes.GroupsOFGroups"/>
  <system-out/>
  <testcase name="Spain" time="0.000" classname="com.Testng_Attributes.GroupsOFGroups"/>
  <system-out/>
  <testcase name="Avengers" time="0.000" classname="com.Testng_Attributes.GroupsOFGroups"/>
  <system-out/>
  <testcase name="London" time="0.000" classname="com.Testng_Attributes.GroupsOFGroups"/>
  <system-out/>
  <testcase name="Marvel" time="0.015" classname="com.Testng_Attributes.GroupsOFGroups"/>
  <system-out/>
</testsuite> <!-- com.Testng_Attributes.GroupsOFGroups -->
