<?xml version="1.0" encoding="UTF-8"?>
<!-- Generated by org.testng.reporters.JUnitReportReporter -->
<testsuite skipped="0" hostname="DESKTOP-NDH55H9" name="com.Testng_Attributes.TIMEOUT_DEMO" tests="1" failures="0" timestamp="2022-09-27T20:40:25 IST" time="10.925" errors="0">
  <testcase name="facebookLogin" time="10.925" classname="com.Testng_Attributes.TIMEOUT_DEMO"/>
  <system-out/>
</testsuite> <!-- com.Testng_Attributes.TIMEOUT_DEMO -->
