<?xml version="1.0" encoding="UTF-8"?>
<!-- Generated by org.testng.reporters.JUnitReportReporter -->
<testsuite skipped="0" hostname="DESKTOP-NDH55H9" name="com.Testng_Attributes.Grouping_Demo" tests="3" failures="0" timestamp="2022-09-27T19:22:52 IST" time="0.062" errors="0">
  <testcase name="Spain" time="0.016" classname="com.Testng_Attributes.Grouping_Demo"/>
  <system-out/>
  <testcase name="London" time="0.015" classname="com.Testng_Attributes.Grouping_Demo"/>
  <system-out/>
  <testcase name="Australia" time="0.031" classname="com.Testng_Attributes.Grouping_Demo"/>
  <system-out/>
</testsuite> <!-- com.Testng_Attributes.Grouping_Demo -->
