<?xml version="1.0" encoding="UTF-8"?>
<!-- Generated by org.testng.reporters.JUnitReportReporter -->
<testsuite skipped="0" hostname="DESKTOP-NDH55H9" name="com.TestNgData_Provider.TestDataFromExcel" tests="1" failures="0" timestamp="2022-09-28T23:18:31 IST" time="0.040" errors="0">
  <testcase name="Siii" time="0.040" classname="com.TestNgData_Provider.TestDataFromExcel"/>
  <system-out/>
</testsuite> <!-- com.TestNgData_Provider.TestDataFromExcel -->
