<?xml version="1.0" encoding="UTF-8"?>
<!-- Generated by org.testng.reporters.JUnitReportReporter -->
<testsuite skipped="1" hostname="DESKTOP-NDH55H9" name="com.Testng_Attributes.Ignore_Demo" tests="3" failures="0" timestamp="2022-09-27T19:10:44 IST" time="0.031" errors="0">
  <testcase name="Chennai" time="0.031" classname="com.Testng_Attributes.Ignore_Demo"/>
  <system-out/>
  <testcase name="Kerala" time="0.000" classname="com.Testng_Attributes.Ignore_Demo"/>
  <system-out/>
  <testcase name="Delhi" classname="com.Testng_Attributes.Ignore_Demo">
    <skipped/>
  </testcase> <!-- Delhi -->
  <system-out/>
</testsuite> <!-- com.Testng_Attributes.Ignore_Demo -->
