<?xml version="1.0" encoding="UTF-8"?>
<!-- Generated by org.testng.reporters.JUnitReportReporter -->
<testsuite skipped="0" hostname="DESKTOP-NDH55H9" name="com.Testng_Demo.TestNG_Test" tests="3" failures="0" timestamp="2022-09-26T20:48:22 IST" time="0.066" errors="0">
  <testcase name="Tshirts" time="0.021" classname="com.Testng_Demo.TestNG_Test"/>
  <system-out/>
  <testcase name="Toys" time="0.024" classname="com.Testng_Demo.TestNG_Test"/>
  <system-out/>
  <testcase name="Mobiles" time="0.021" classname="com.Testng_Demo.TestNG_Test"/>
  <system-out/>
</testsuite> <!-- com.Testng_Demo.TestNG_Test -->
