<?xml version="1.0" encoding="UTF-8"?>
<!-- Generated by org.testng.reporters.JUnitReportReporter -->
<testsuite skipped="0" hostname="DESKTOP-NDH55H9" name="com.Testng_Attributes.MultipleData_Demo" tests="4" failures="0" timestamp="2022-09-28T19:22:16 IST" time="0.093" errors="0">
  <testcase name="readingData" time="0.000" classname="com.Testng_Attributes.MultipleData_Demo"/>
  <system-out/>
  <testcase name="readingData" time="0.046" classname="com.Testng_Attributes.MultipleData_Demo"/>
  <system-out/>
  <testcase name="readingData" time="0.015" classname="com.Testng_Attributes.MultipleData_Demo"/>
  <system-out/>
  <testcase name="readingData" time="0.032" classname="com.Testng_Attributes.MultipleData_Demo"/>
  <system-out/>
</testsuite> <!-- com.Testng_Attributes.MultipleData_Demo -->
