<?xml version="1.0" encoding="UTF-8"?>
<!-- Generated by org.testng.reporters.JUnitReportReporter -->
<testsuite skipped="0" hostname="DESKTOP-NDH55H9" name="com.Testng_Attributes.Parallel_Test" tests="2" failures="0" timestamp="2022-09-27T21:23:14 IST" time="36.618" errors="0">
  <testcase name="gmail" time="16.671" classname="com.Testng_Attributes.Parallel_Test"/>
  <system-out/>
  <testcase name="Userdata" time="19.947" classname="com.Testng_Attributes.Parallel_Test"/>
  <system-out/>
</testsuite> <!-- com.Testng_Attributes.Parallel_Test -->
